<?xml version="1.0" encoding="UTF-8"?>
<testng-results ignored="0" total="3" passed="2" failed="1" skipped="0">
  <reporter-output>
    <line>
      <![CDATA[openbrowser]]>
    </line>
    <line>
      <![CDATA[login]]>
    </line>
    <line>
      <![CDATA[createcustomer]]>
    </line>
    <line>
      <![CDATA[logout]]>
    </line>
    <line>
      <![CDATA[login]]>
    </line>
    <line>
      <![CDATA[deletecustomer]]>
    </line>
    <line>
      <![CDATA[logout]]>
    </line>
    <line>
      <![CDATA[login]]>
    </line>
    <line>
      <![CDATA[modifycustomer]]>
    </line>
    <line>
      <![CDATA[logout]]>
    </line>
    <line>
      <![CDATA[closebrowser]]>
    </line>
  </reporter-output>
  <suite started-at="2023-12-16T16:55:21 IST" name="Default suite" finished-at="2023-12-16T16:55:28 IST" duration-ms="6339">
    <groups>
    </groups>
    <test started-at="2023-12-16T16:55:21 IST" name="Default test" finished-at="2023-12-16T16:55:28 IST" duration-ms="6339">
      <class name="com.actitime.TestNG.CustomerModule">
        <test-method is-config="true" signature="openBrowser()[pri:0, instance:com.actitime.TestNG.CustomerModule@72bc6553]" started-at="2023-12-16T16:55:21 IST" name="openBrowser" finished-at="2023-12-16T16:55:23 IST" duration-ms="1954" status="PASS">
          <reporter-output>
            <line>
              <![CDATA[openbrowser]]>
            </line>
          </reporter-output>
        </test-method> <!-- openBrowser -->
        <test-method is-config="true" signature="login()[pri:0, instance:com.actitime.TestNG.CustomerModule@72bc6553]" started-at="2023-12-16T16:55:23 IST" name="login" finished-at="2023-12-16T16:55:24 IST" duration-ms="478" status="PASS">
          <reporter-output>
            <line>
              <![CDATA[login]]>
            </line>
          </reporter-output>
        </test-method> <!-- login -->
        <test-method signature="creatCustomer()[pri:0, instance:com.actitime.TestNG.CustomerModule@72bc6553]" started-at="2023-12-16T16:55:24 IST" name="creatCustomer" finished-at="2023-12-16T16:55:24 IST" duration-ms="14" status="FAIL">
          <exception class="java.lang.AssertionError">
            <message>
              <![CDATA[null]]>
            </message>
            <full-stacktrace>
              <![CDATA[java.lang.AssertionError: null
at org.testng.Assert.fail(Assert.java:111)
at org.testng.Assert.fail(Assert.java:116)
at com.actitime.TestNG.CustomerModule.creatCustomer(CustomerModule.java:15)
at java.base/jdk.internal.reflect.NativeMethodAccessorImpl.invoke0(Native Method)
at java.base/jdk.internal.reflect.NativeMethodAccessorImpl.invoke(NativeMethodAccessorImpl.java:77)
at java.base/jdk.internal.reflect.DelegatingMethodAccessorImpl.invoke(DelegatingMethodAccessorImpl.java:43)
at java.base/java.lang.reflect.Method.invoke(Method.java:568)
at org.testng.internal.invokers.MethodInvocationHelper.invokeMethod(MethodInvocationHelper.java:139)
at org.testng.internal.invokers.TestInvoker.invokeMethod(TestInvoker.java:664)
at org.testng.internal.invokers.TestInvoker.invokeTestMethod(TestInvoker.java:227)
at org.testng.internal.invokers.MethodRunner.runInSequence(MethodRunner.java:50)
at org.testng.internal.invokers.TestInvoker$MethodInvocationAgent.invoke(TestInvoker.java:957)
at org.testng.internal.invokers.TestInvoker.invokeTestMethods(TestInvoker.java:200)
at org.testng.internal.invokers.TestMethodWorker.invokeTestMethods(TestMethodWorker.java:148)
at org.testng.internal.invokers.TestMethodWorker.run(TestMethodWorker.java:128)
at java.base/java.util.ArrayList.forEach(ArrayList.java:1511)
at org.testng.TestRunner.privateRun(TestRunner.java:848)
at org.testng.TestRunner.run(TestRunner.java:621)
at org.testng.SuiteRunner.runTest(SuiteRunner.java:443)
at org.testng.SuiteRunner.runSequentially(SuiteRunner.java:437)
at org.testng.SuiteRunner.privateRun(SuiteRunner.java:397)
at org.testng.SuiteRunner.run(SuiteRunner.java:336)
at org.testng.SuiteRunnerWorker.runSuite(SuiteRunnerWorker.java:52)
at org.testng.SuiteRunnerWorker.run(SuiteRunnerWorker.java:95)
at org.testng.TestNG.runSuitesSequentially(TestNG.java:1280)
at org.testng.TestNG.runSuitesLocally(TestNG.java:1200)
at org.testng.TestNG.runSuites(TestNG.java:1114)
at org.testng.TestNG.run(TestNG.java:1082)
at org.testng.remote.AbstractRemoteTestNG.run(AbstractRemoteTestNG.java:115)
at org.testng.remote.RemoteTestNG.initAndRun(RemoteTestNG.java:251)
at org.testng.remote.RemoteTestNG.main(RemoteTestNG.java:77)
]]>
            </full-stacktrace>
          </exception> <!-- java.lang.AssertionError -->
          <reporter-output>
            <line>
              <![CDATA[createcustomer]]>
            </line>
          </reporter-output>
        </test-method> <!-- creatCustomer -->
        <test-method is-config="true" signature="logout()[pri:0, instance:com.actitime.TestNG.CustomerModule@72bc6553]" started-at="2023-12-16T16:55:25 IST" name="logout" finished-at="2023-12-16T16:55:25 IST" duration-ms="233" status="PASS">
          <reporter-output>
            <line>
              <![CDATA[logout]]>
            </line>
          </reporter-output>
        </test-method> <!-- logout -->
        <test-method is-config="true" signature="login()[pri:0, instance:com.actitime.TestNG.CustomerModule@72bc6553]" started-at="2023-12-16T16:55:25 IST" name="login" finished-at="2023-12-16T16:55:25 IST" duration-ms="202" status="PASS">
          <reporter-output>
            <line>
              <![CDATA[login]]>
            </line>
          </reporter-output>
        </test-method> <!-- login -->
        <test-method signature="deleteCustomer()[pri:0, instance:com.actitime.TestNG.CustomerModule@72bc6553]" started-at="2023-12-16T16:55:25 IST" name="deleteCustomer" finished-at="2023-12-16T16:55:25 IST" duration-ms="1" status="PASS">
          <reporter-output>
            <line>
              <![CDATA[deletecustomer]]>
            </line>
          </reporter-output>
        </test-method> <!-- deleteCustomer -->
        <test-method is-config="true" signature="logout()[pri:0, instance:com.actitime.TestNG.CustomerModule@72bc6553]" started-at="2023-12-16T16:55:25 IST" name="logout" finished-at="2023-12-16T16:55:26 IST" duration-ms="914" status="PASS">
          <reporter-output>
            <line>
              <![CDATA[logout]]>
            </line>
          </reporter-output>
        </test-method> <!-- logout -->
        <test-method is-config="true" signature="login()[pri:0, instance:com.actitime.TestNG.CustomerModule@72bc6553]" started-at="2023-12-16T16:55:26 IST" name="login" finished-at="2023-12-16T16:55:26 IST" duration-ms="235" status="PASS">
          <reporter-output>
            <line>
              <![CDATA[login]]>
            </line>
          </reporter-output>
        </test-method> <!-- login -->
        <test-method signature="modifyCustomer()[pri:0, instance:com.actitime.TestNG.CustomerModule@72bc6553]" started-at="2023-12-16T16:55:26 IST" name="modifyCustomer" finished-at="2023-12-16T16:55:26 IST" duration-ms="2" status="PASS">
          <reporter-output>
            <line>
              <![CDATA[modifycustomer]]>
            </line>
          </reporter-output>
        </test-method> <!-- modifyCustomer -->
        <test-method is-config="true" signature="logout()[pri:0, instance:com.actitime.TestNG.CustomerModule@72bc6553]" started-at="2023-12-16T16:55:26 IST" name="logout" finished-at="2023-12-16T16:55:27 IST" duration-ms="986" status="PASS">
          <reporter-output>
            <line>
              <![CDATA[logout]]>
            </line>
          </reporter-output>
        </test-method> <!-- logout -->
        <test-method is-config="true" signature="closeBrowser()[pri:0, instance:com.actitime.TestNG.CustomerModule@72bc6553]" started-at="2023-12-16T16:55:27 IST" name="closeBrowser" finished-at="2023-12-16T16:55:28 IST" duration-ms="307" status="PASS">
          <reporter-output>
            <line>
              <![CDATA[closebrowser]]>
            </line>
          </reporter-output>
        </test-method> <!-- closeBrowser -->
      </class> <!-- com.actitime.TestNG.CustomerModule -->
    </test> <!-- Default test -->
  </suite> <!-- Default suite -->
</testng-results>
