<?xml version="1.0" encoding="UTF-8"?>
<!-- Generated by org.testng.reporters.JUnitXMLReporter -->
<testsuite ignored="0" hostname="Administrator" failures="1" tests="1" name="Default test(failed)" time="3.339" errors="0" timestamp="2023-12-16T13:26:08 IST">
  <testcase classname="com.actitime.TestNG.Assertequals" name="verifyTitle" time="3.295">
    <failure type="java.lang.AssertionError" message="expected [Soogle] but found [Google]">
      <![CDATA[java.lang.AssertionError: expected [Soogle] but found [Google]
at com.actitime.TestNG.Assertequals.verifyTitle(Assertequals.java:15)
at java.base/java.util.ArrayList.forEach(ArrayList.java:1511)
... Removed 33 stack frames]]>
    </failure>
  </testcase> <!-- verifyTitle -->
</testsuite> <!-- Default test(failed) -->
